<?xml version="1.0" encoding="UTF-8"?>
<!-- Generated by org.testng.reporters.JUnitXMLReporter -->
<testsuite ignored="0" hostname="LIN-GL8LBK3" failures="0" tests="6" name="Test" time="51.631" errors="0" timestamp="2024-09-06T11:35:25 IST">
  <testcase classname="testCases.TC003_LoginDDT" name="verify_loginDDT" time="4.873"/>
  <testcase classname="testCases.TC003_LoginDDT" name="verify_loginDDT" time="5.365"/>
  <testcase classname="testCases.TC003_LoginDDT" name="verify_loginDDT" time="4.532"/>
  <testcase classname="testCases.TC003_LoginDDT" name="verify_loginDDT" time="13.959"/>
  <testcase classname="testCases.TC003_LoginDDT" name="verify_loginDDT" time="7.132"/>
  <testcase classname="testCases.TC003_LoginDDT" name="verify_loginDDT" time="4.477"/>
</testsuite> <!-- Test -->
