<?xml version="1.0" encoding="UTF-8"?>
<testsuite xmlns:xsi="http://www.w3.org/2001/XMLSchema-instance" xsi:noNamespaceSchemaLocation="https://maven.apache.org/surefire/maven-surefire-plugin/xsd/surefire-test-report.xsd" version="3.0.2" name="TestSuite" time="53.713" tests="6" errors="0" skipped="0" failures="0">
  <properties>
[...]
</properties>
  <testcase name="verify_loginDDT[pavanoltraining@gmail.com, test@123, Valid](1)" classname="testCases.TC003_LoginDDT" time="4.883">
    <system-err><![CDATA[Sep 06, 2024 11:34:32 AM org.openqa.selenium.remote.tracing.opentelemetry.OpenTelemetryTracer createTracer
INFO: Using OpenTelemetry for tracing
Sep 06, 2024 11:34:37 AM org.openqa.selenium.devtools.CdpVersionFinder findNearestMatch
WARNING: Unable to find an exact match for CDP version 128, returning the closest version; found: 127; Please update to a Selenium version that supports CDP version 128
]]></system-err>
  </testcase>
  <testcase name="verify_loginDDT[lakshmi@yahoo.com, Laxmi, Valid](2)" classname="testCases.TC003_LoginDDT" time="5.364"/>
  <testcase name="verify_loginDDT[laksh@yahoo.com, Lakshmi, Valid](3)" classname="testCases.TC003_LoginDDT" time="4.529"/>
  <testcase name="verify_loginDDT[laks@yahoo.com, xyz, Invalid](4)" classname="testCases.TC003_LoginDDT" time="13.96"/>
  <testcase name="verify_loginDDT[abc123@gmail.com, test@123, Valid](5)" classname="testCases.TC003_LoginDDT" time="7.133"/>
  <testcase name="verify_loginDDT[aparnagore123@gmail.com, opencartdemo, Valid](6)" classname="testCases.TC003_LoginDDT" time="4.477"/>
</testsuite>