<?xml version="1.0" encoding="UTF-8"?>
<testng-results ignored="0" total="6" passed="6" failed="0" skipped="0">
  <reporter-output>
  </reporter-output>
  <suite started-at="2024-09-06T11:34:32 IST" name="Master Suite" finished-at="2024-09-06T11:35:24 IST" duration-ms="51631">
    <groups>
      <group name="Datadriven">
        <method signature="TC003_LoginDDT.verify_loginDDT(java.lang.String,java.lang.String,java.lang.String)[pri:0, instance:testCases.TC003_LoginDDT@10fde30a]" name="verify_loginDDT" class="testCases.TC003_LoginDDT"/>
      </group> <!-- Datadriven -->
    </groups>
    <test started-at="2024-09-06T11:34:32 IST" name="Test" finished-at="2024-09-06T11:35:24 IST" duration-ms="51631">
      <class name="testCases.TC003_LoginDDT">
        <test-method is-config="true" signature="setup(java.lang.String,java.lang.String)[pri:0, instance:testCases.TC003_LoginDDT@10fde30a]" started-at="2024-09-06T11:34:32 IST" name="setup" finished-at="2024-09-06T11:34:42 IST" duration-ms="9586" status="PASS">
          <params>
            <param index="0">
              <value>
                <![CDATA[Windows]]>
              </value>
            </param>
            <param index="1">
              <value>
                <![CDATA[chrome]]>
              </value>
            </param>
          </params>
          <reporter-output>
          </reporter-output>
        </test-method> <!-- setup -->
        <test-method signature="verify_loginDDT(java.lang.String,java.lang.String,java.lang.String)[pri:0, instance:testCases.TC003_LoginDDT@10fde30a]" started-at="2024-09-06T11:34:43 IST" name="verify_loginDDT" data-provider="LoginData" finished-at="2024-09-06T11:34:48 IST" duration-ms="4873" status="PASS">
          <params>
            <param index="0">
              <value>
                <![CDATA[pavanoltraining@gmail.com]]>
              </value>
            </param>
            <param index="1">
              <value>
                <![CDATA[test@123]]>
              </value>
            </param>
            <param index="2">
              <value>
                <![CDATA[Valid]]>
              </value>
            </param>
          </params>
          <reporter-output>
          </reporter-output>
        </test-method> <!-- verify_loginDDT -->
        <test-method signature="verify_loginDDT(java.lang.String,java.lang.String,java.lang.String)[pri:0, instance:testCases.TC003_LoginDDT@10fde30a]" started-at="2024-09-06T11:34:48 IST" name="verify_loginDDT" data-provider="LoginData" finished-at="2024-09-06T11:34:53 IST" duration-ms="5365" status="PASS">
          <params>
            <param index="0">
              <value>
                <![CDATA[lakshmi@yahoo.com]]>
              </value>
            </param>
            <param index="1">
              <value>
                <![CDATA[Laxmi]]>
              </value>
            </param>
            <param index="2">
              <value>
                <![CDATA[Valid]]>
              </value>
            </param>
          </params>
          <reporter-output>
          </reporter-output>
        </test-method> <!-- verify_loginDDT -->
        <test-method signature="verify_loginDDT(java.lang.String,java.lang.String,java.lang.String)[pri:0, instance:testCases.TC003_LoginDDT@10fde30a]" started-at="2024-09-06T11:34:53 IST" name="verify_loginDDT" data-provider="LoginData" finished-at="2024-09-06T11:34:58 IST" duration-ms="4532" status="PASS">
          <params>
            <param index="0">
              <value>
                <![CDATA[laksh@yahoo.com]]>
              </value>
            </param>
            <param index="1">
              <value>
                <![CDATA[Lakshmi]]>
              </value>
            </param>
            <param index="2">
              <value>
                <![CDATA[Valid]]>
              </value>
            </param>
          </params>
          <reporter-output>
          </reporter-output>
        </test-method> <!-- verify_loginDDT -->
        <test-method signature="verify_loginDDT(java.lang.String,java.lang.String,java.lang.String)[pri:0, instance:testCases.TC003_LoginDDT@10fde30a]" started-at="2024-09-06T11:34:58 IST" name="verify_loginDDT" data-provider="LoginData" finished-at="2024-09-06T11:35:12 IST" duration-ms="13959" status="PASS">
          <params>
            <param index="0">
              <value>
                <![CDATA[laks@yahoo.com]]>
              </value>
            </param>
            <param index="1">
              <value>
                <![CDATA[xyz]]>
              </value>
            </param>
            <param index="2">
              <value>
                <![CDATA[Invalid]]>
              </value>
            </param>
          </params>
          <reporter-output>
          </reporter-output>
        </test-method> <!-- verify_loginDDT -->
        <test-method signature="verify_loginDDT(java.lang.String,java.lang.String,java.lang.String)[pri:0, instance:testCases.TC003_LoginDDT@10fde30a]" started-at="2024-09-06T11:35:12 IST" name="verify_loginDDT" data-provider="LoginData" finished-at="2024-09-06T11:35:19 IST" duration-ms="7132" status="PASS">
          <params>
            <param index="0">
              <value>
                <![CDATA[abc123@gmail.com]]>
              </value>
            </param>
            <param index="1">
              <value>
                <![CDATA[test@123]]>
              </value>
            </param>
            <param index="2">
              <value>
                <![CDATA[Valid]]>
              </value>
            </param>
          </params>
          <reporter-output>
          </reporter-output>
        </test-method> <!-- verify_loginDDT -->
        <test-method signature="verify_loginDDT(java.lang.String,java.lang.String,java.lang.String)[pri:0, instance:testCases.TC003_LoginDDT@10fde30a]" started-at="2024-09-06T11:35:19 IST" name="verify_loginDDT" data-provider="LoginData" finished-at="2024-09-06T11:35:23 IST" duration-ms="4477" status="PASS">
          <params>
            <param index="0">
              <value>
                <![CDATA[aparnagore123@gmail.com]]>
              </value>
            </param>
            <param index="1">
              <value>
                <![CDATA[opencartdemo]]>
              </value>
            </param>
            <param index="2">
              <value>
                <![CDATA[Valid]]>
              </value>
            </param>
          </params>
          <reporter-output>
          </reporter-output>
        </test-method> <!-- verify_loginDDT -->
        <test-method is-config="true" signature="tearDown()[pri:0, instance:testCases.TC003_LoginDDT@10fde30a]" started-at="2024-09-06T11:35:23 IST" name="tearDown" finished-at="2024-09-06T11:35:24 IST" duration-ms="356" status="PASS">
          <reporter-output>
          </reporter-output>
        </test-method> <!-- tearDown -->
      </class> <!-- testCases.TC003_LoginDDT -->
    </test> <!-- Test -->
  </suite> <!-- Master Suite -->
</testng-results>
